2024/10/14 18:53:01 [1;34m[I] [service.go:301] [c0e064c1045e7411] login to server success, get run id [c0e064c1045e7411], server udp port [0][0m
2024/10/14 18:53:01 [1;34m[I] [proxy_manager.go:144] [c0e064c1045e7411] proxy added: [ssh00][0m
2024/10/14 18:53:01 [1;34m[I] [control.go:180] [c0e064c1045e7411] [ssh00] start proxy success[0m
2024/10/14 18:54:32 [1;31m[E] [control.go:158] [c0e064c1045e7411] work connection closed before response StartWorkConn message: EOF[0m
2024/10/14 18:54:32 [1;34m[I] [control.go:289] [c0e064c1045e7411] control writer is closing[0m
2024/10/14 18:54:32 [1;34m[I] [service.go:174] [c0e064c1045e7411] try to reconnect to server...[0m
2024/10/14 18:54:32 [1;34m[I] [visitor_manager.go:60] [c0e064c1045e7411] gracefully shutdown visitor manager[0m
2024/10/14 18:54:33 [1;34m[I] [service.go:301] [c0e064c1045e7411] login to server success, get run id [c0e064c1045e7411], server udp port [0][0m
2024/10/14 18:54:33 [1;34m[I] [proxy_manager.go:144] [c0e064c1045e7411] proxy added: [ssh00][0m
2024/10/14 18:55:02 [1;34m[I] [control.go:289] [c0e064c1045e7411] control writer is closing[0m
2024/10/14 18:55:02 [1;31m[E] [control.go:158] [c0e064c1045e7411] work connection closed before response StartWorkConn message: EOF[0m
2024/10/14 18:55:02 [1;34m[I] [service.go:174] [c0e064c1045e7411] try to reconnect to server...[0m
2024/10/14 18:55:02 [1;34m[I] [visitor_manager.go:60] [c0e064c1045e7411] gracefully shutdown visitor manager[0m
2024/10/14 18:55:02 [1;33m[W] [service.go:177] [c0e064c1045e7411] reconnect to server error: dial tcp 60.205.169.59:7000: connect: network is unreachable[0m
2024/10/14 18:55:03 [1;34m[I] [service.go:174] [c0e064c1045e7411] try to reconnect to server...[0m
2024/10/14 18:55:03 [1;33m[W] [service.go:177] [c0e064c1045e7411] reconnect to server error: dial tcp 60.205.169.59:7000: connect: network is unreachable[0m
2024/10/14 18:55:05 [1;34m[I] [service.go:174] [c0e064c1045e7411] try to reconnect to server...[0m
2024/10/14 18:55:05 [1;33m[W] [service.go:177] [c0e064c1045e7411] reconnect to server error: dial tcp 60.205.169.59:7000: connect: network is unreachable[0m
2024/10/14 18:55:07 [1;34m[I] [service.go:174] [c0e064c1045e7411] try to reconnect to server...[0m
2024/10/14 18:55:07 [1;33m[W] [service.go:177] [c0e064c1045e7411] reconnect to server error: dial tcp 60.205.169.59:7000: connect: network is unreachable[0m
2024/10/14 18:55:09 [1;34m[I] [service.go:174] [c0e064c1045e7411] try to reconnect to server...[0m
2024/10/14 18:55:09 [1;34m[I] [service.go:301] [c0e064c1045e7411] login to server success, get run id [c0e064c1045e7411], server udp port [0][0m
2024/10/14 18:55:09 [1;34m[I] [proxy_manager.go:144] [c0e064c1045e7411] proxy added: [ssh00][0m
2024/10/14 18:55:09 [1;34m[I] [control.go:180] [c0e064c1045e7411] [ssh00] start proxy success[0m
2024/10/15 07:58:26 [1;34m[I] [service.go:301] [5074a43ec46ee7be] login to server success, get run id [5074a43ec46ee7be], server udp port [0][0m
2024/10/15 07:58:26 [1;34m[I] [proxy_manager.go:144] [5074a43ec46ee7be] proxy added: [ssh002][0m
2024/10/15 07:58:26 [1;34m[I] [control.go:180] [5074a43ec46ee7be] [ssh002] start proxy success[0m
